info: Request: POST /get
info: Request: POST /get
info: Request: POST /get
info: Request: POST /get
info: Request: POST /get
info: Request: POST /get
info: POST /get 15/02/2025 19:26:28 
info: POST /get 15/02/2025 19:26:28 
info: POST /get 15/02/2025 19:57:08 Les produits ont bien été récupérés
info: POST /get 15/02/2025 19:57:34 Les produits ont bien été récupérés
error: POST /get 15/02/2025 19:57:34 Les produits n'ont pas été récupérés
info: POST /get 15/02/2025 19:57:34 Les produits ont bien été récupérés
error: POST /get 15/02/2025 19:57:34 Les produits n'ont pas été récupérés
info: POST /get 15/02/2025 20:04:16 Les produits ont bien été récupérés
error: POST /get 15/02/2025 20:04:16 Les produits n'ont pas été récupérés
info: POST /get 15/02/2025 20:04:16 Les produits ont bien été récupérés
error: POST /get 15/02/2025 20:04:16 Les produits n'ont pas été récupérés
info: POST /get 15/02/2025 20:05:56 Les produits ont bien été récupérés
error: POST /get 15/02/2025 20:05:56 Les produits n'ont pas été récupérés
info: POST /get 15/02/2025 20:05:56 Les produits ont bien été récupérés
error: POST /get 15/02/2025 20:05:56 Les produits n'ont pas été récupérés
info: POST /get 15/02/2025 20:06:52 Les produits ont bien été récupérés
error: POST /get 15/02/2025 20:06:52 Les produits n'ont pas été récupérés
info: POST /get 15/02/2025 20:06:52 Les produits ont bien été récupérés
error: POST /get 15/02/2025 20:06:52 Les produits n'ont pas été récupérés
info: POST /get 15/02/2025 20:57:03 classe getAllProducts : Les produits ont bien été récupérés
info: POST /get 15/02/2025 20:57:03 classe getAllProducts : Les produits ont bien été récupérés
info: POST /get 15/02/2025 20:57:03 classe getAllProducts : Les produits ont bien été récupérés
info: POST /get 15/02/2025 20:57:03 classe getAllProducts : Les produits ont bien été récupérés
info: POST /get 15/02/2025 20:57:03 classe getAllProducts : Les produits ont bien été récupérés
info: POST /get 15/02/2025 20:57:03 classe getAllProducts : Les produits ont bien été récupérés
info: POST /get 15/02/2025 20:57:03 classe getAllProducts : Les produits ont bien été récupérés
info: POST /get 15/02/2025 20:57:03 classe getAllProducts : Les produits ont bien été récupérés
info: POST /get 15/02/2025 20:57:03 classe getAllProducts : Les produits ont bien été récupérés
info: POST /get 15/02/2025 20:57:03 classe getAllProducts : Les produits ont bien été récupérés
info: POST /get 15/02/2025 20:57:03 classe getAllProducts : Les produits ont bien été récupérés
info: POST /get 15/02/2025 20:57:03 classe getAllProducts : Les produits ont bien été récupérés
